12-03-2019 12:59:33 [SwingWorker-pool-3-thread-1] ERROR te.LazyInitializationException - failed to lazily initialize a collection of role: org.ccs.openmrs.migracao.entidades.Concept.drugList1, no session or session was closed
org.hibernate.LazyInitializationException: failed to lazily initialize a collection of role: org.ccs.openmrs.migracao.entidades.Concept.drugList1, no session or session was closed
	at org.hibernate.collection.AbstractPersistentCollection.throwLazyInitializationException(AbstractPersistentCollection.java:358)
	at org.hibernate.collection.AbstractPersistentCollection.throwLazyInitializationExceptionIfNotConnected(AbstractPersistentCollection.java:350)
	at org.hibernate.collection.AbstractPersistentCollection.readSize(AbstractPersistentCollection.java:97)
	at org.hibernate.collection.PersistentBag.size(PersistentBag.java:225)
	at org.ccs.openmrs.migracao.swingreverse.ExportData.InsereObs(ExportData.java:190)
	at org.ccs.openmrs.migracao.swingreverse.Task1.doInBackground(Task1.java:199)
	at org.ccs.openmrs.migracao.swingreverse.Task1.doInBackground(Task1.java:54)
	at javax.swing.SwingWorker$1.call(SwingWorker.java:296)
	at java.util.concurrent.FutureTask.run(FutureTask.java:262)
	at javax.swing.SwingWorker.run(SwingWorker.java:335)
	at java.util.concurrent.ThreadPoolExecutor.runWorker(ThreadPoolExecutor.java:1145)
	at java.util.concurrent.ThreadPoolExecutor$Worker.run(ThreadPoolExecutor.java:615)
	at java.lang.Thread.run(Thread.java:744)
12-03-2019 12:59:34 [SwingWorker-pool-3-thread-1] ERROR te.LazyInitializationException - failed to lazily initialize a collection of role: org.ccs.openmrs.migracao.entidades.Concept.drugList2, no session or session was closed
org.hibernate.LazyInitializationException: failed to lazily initialize a collection of role: org.ccs.openmrs.migracao.entidades.Concept.drugList2, no session or session was closed
	at org.hibernate.collection.AbstractPersistentCollection.throwLazyInitializationException(AbstractPersistentCollection.java:358)
	at org.hibernate.collection.AbstractPersistentCollection.throwLazyInitializationExceptionIfNotConnected(AbstractPersistentCollection.java:350)
	at org.hibernate.collection.AbstractPersistentCollection.readSize(AbstractPersistentCollection.java:97)
	at org.hibernate.collection.PersistentBag.size(PersistentBag.java:225)
	at org.ccs.openmrs.migracao.swingreverse.ExportData.InsereObs(ExportData.java:190)
	at org.ccs.openmrs.migracao.swingreverse.Task1.doInBackground(Task1.java:199)
	at org.ccs.openmrs.migracao.swingreverse.Task1.doInBackground(Task1.java:54)
	at javax.swing.SwingWorker$1.call(SwingWorker.java:296)
	at java.util.concurrent.FutureTask.run(FutureTask.java:262)
	at javax.swing.SwingWorker.run(SwingWorker.java:335)
	at java.util.concurrent.ThreadPoolExecutor.runWorker(ThreadPoolExecutor.java:1145)
	at java.util.concurrent.ThreadPoolExecutor$Worker.run(ThreadPoolExecutor.java:615)
	at java.lang.Thread.run(Thread.java:744)
12-03-2019 12:59:34 [SwingWorker-pool-3-thread-1] ERROR te.LazyInitializationException - failed to lazily initialize a collection of role: org.ccs.openmrs.migracao.entidades.Concept.ordersList, no session or session was closed
org.hibernate.LazyInitializationException: failed to lazily initialize a collection of role: org.ccs.openmrs.migracao.entidades.Concept.ordersList, no session or session was closed
	at org.hibernate.collection.AbstractPersistentCollection.throwLazyInitializationException(AbstractPersistentCollection.java:358)
	at org.hibernate.collection.AbstractPersistentCollection.throwLazyInitializationExceptionIfNotConnected(AbstractPersistentCollection.java:350)
	at org.hibernate.collection.AbstractPersistentCollection.readSize(AbstractPersistentCollection.java:97)
	at org.hibernate.collection.PersistentBag.size(PersistentBag.java:225)
	at org.ccs.openmrs.migracao.swingreverse.ExportData.InsereObs(ExportData.java:190)
	at org.ccs.openmrs.migracao.swingreverse.Task1.doInBackground(Task1.java:199)
	at org.ccs.openmrs.migracao.swingreverse.Task1.doInBackground(Task1.java:54)
	at javax.swing.SwingWorker$1.call(SwingWorker.java:296)
	at java.util.concurrent.FutureTask.run(FutureTask.java:262)
	at javax.swing.SwingWorker.run(SwingWorker.java:335)
	at java.util.concurrent.ThreadPoolExecutor.runWorker(ThreadPoolExecutor.java:1145)
	at java.util.concurrent.ThreadPoolExecutor$Worker.run(ThreadPoolExecutor.java:615)
	at java.lang.Thread.run(Thread.java:744)
12-03-2019 12:59:34 [SwingWorker-pool-3-thread-1] ERROR te.LazyInitializationException - failed to lazily initialize a collection of role: org.ccs.openmrs.migracao.entidades.Concept.ordersList1, no session or session was closed
org.hibernate.LazyInitializationException: failed to lazily initialize a collection of role: org.ccs.openmrs.migracao.entidades.Concept.ordersList1, no session or session was closed
	at org.hibernate.collection.AbstractPersistentCollection.throwLazyInitializationException(AbstractPersistentCollection.java:358)
	at org.hibernate.collection.AbstractPersistentCollection.throwLazyInitializationExceptionIfNotConnected(AbstractPersistentCollection.java:350)
	at org.hibernate.collection.AbstractPersistentCollection.readSize(AbstractPersistentCollection.java:97)
	at org.hibernate.collection.PersistentBag.size(PersistentBag.java:225)
	at org.ccs.openmrs.migracao.swingreverse.ExportData.InsereObs(ExportData.java:190)
	at org.ccs.openmrs.migracao.swingreverse.Task1.doInBackground(Task1.java:199)
	at org.ccs.openmrs.migracao.swingreverse.Task1.doInBackground(Task1.java:54)
	at javax.swing.SwingWorker$1.call(SwingWorker.java:296)
	at java.util.concurrent.FutureTask.run(FutureTask.java:262)
	at javax.swing.SwingWorker.run(SwingWorker.java:335)
	at java.util.concurrent.ThreadPoolExecutor.runWorker(ThreadPoolExecutor.java:1145)
	at java.util.concurrent.ThreadPoolExecutor$Worker.run(ThreadPoolExecutor.java:615)
	at java.lang.Thread.run(Thread.java:744)
12-03-2019 12:59:45 [SwingWorker-pool-3-thread-1] ERROR te.LazyInitializationException - failed to lazily initialize a collection of role: org.ccs.openmrs.migracao.entidades.Concept.conceptNameList, no session or session was closed
org.hibernate.LazyInitializationException: failed to lazily initialize a collection of role: org.ccs.openmrs.migracao.entidades.Concept.conceptNameList, no session or session was closed
	at org.hibernate.collection.AbstractPersistentCollection.throwLazyInitializationException(AbstractPersistentCollection.java:358)
	at org.hibernate.collection.AbstractPersistentCollection.throwLazyInitializationExceptionIfNotConnected(AbstractPersistentCollection.java:350)
	at org.hibernate.collection.AbstractPersistentCollection.readSize(AbstractPersistentCollection.java:97)
	at org.hibernate.collection.PersistentBag.size(PersistentBag.java:225)
	at org.ccs.openmrs.migracao.swingreverse.ExportData.InsereObs(ExportData.java:191)
	at org.ccs.openmrs.migracao.swingreverse.Task1.doInBackground(Task1.java:199)
	at org.ccs.openmrs.migracao.swingreverse.Task1.doInBackground(Task1.java:54)
	at javax.swing.SwingWorker$1.call(SwingWorker.java:296)
	at java.util.concurrent.FutureTask.run(FutureTask.java:262)
	at javax.swing.SwingWorker.run(SwingWorker.java:335)
	at java.util.concurrent.ThreadPoolExecutor.runWorker(ThreadPoolExecutor.java:1145)
	at java.util.concurrent.ThreadPoolExecutor$Worker.run(ThreadPoolExecutor.java:615)
	at java.lang.Thread.run(Thread.java:744)
12-03-2019 12:59:45 [SwingWorker-pool-3-thread-1] ERROR te.LazyInitializationException - failed to lazily initialize a collection of role: org.ccs.openmrs.migracao.entidades.Concept.drugList, no session or session was closed
org.hibernate.LazyInitializationException: failed to lazily initialize a collection of role: org.ccs.openmrs.migracao.entidades.Concept.drugList, no session or session was closed
	at org.hibernate.collection.AbstractPersistentCollection.throwLazyInitializationException(AbstractPersistentCollection.java:358)
	at org.hibernate.collection.AbstractPersistentCollection.throwLazyInitializationExceptionIfNotConnected(AbstractPersistentCollection.java:350)
	at org.hibernate.collection.AbstractPersistentCollection.readSize(AbstractPersistentCollection.java:97)
	at org.hibernate.collection.PersistentBag.size(PersistentBag.java:225)
	at org.ccs.openmrs.migracao.swingreverse.ExportData.InsereObs(ExportData.java:191)
	at org.ccs.openmrs.migracao.swingreverse.Task1.doInBackground(Task1.java:199)
	at org.ccs.openmrs.migracao.swingreverse.Task1.doInBackground(Task1.java:54)
	at javax.swing.SwingWorker$1.call(SwingWorker.java:296)
	at java.util.concurrent.FutureTask.run(FutureTask.java:262)
	at javax.swing.SwingWorker.run(SwingWorker.java:335)
	at java.util.concurrent.ThreadPoolExecutor.runWorker(ThreadPoolExecutor.java:1145)
	at java.util.concurrent.ThreadPoolExecutor$Worker.run(ThreadPoolExecutor.java:615)
	at java.lang.Thread.run(Thread.java:744)
12-03-2019 12:59:47 [SwingWorker-pool-3-thread-1] ERROR te.LazyInitializationException - failed to lazily initialize a collection of role: org.ccs.openmrs.migracao.entidades.Concept.programCollection1, no session or session was closed
org.hibernate.LazyInitializationException: failed to lazily initialize a collection of role: org.ccs.openmrs.migracao.entidades.Concept.programCollection1, no session or session was closed
	at org.hibernate.collection.AbstractPersistentCollection.throwLazyInitializationException(AbstractPersistentCollection.java:358)
	at org.hibernate.collection.AbstractPersistentCollection.throwLazyInitializationExceptionIfNotConnected(AbstractPersistentCollection.java:350)
	at org.hibernate.collection.AbstractPersistentCollection.readSize(AbstractPersistentCollection.java:97)
	at org.hibernate.collection.PersistentBag.size(PersistentBag.java:225)
	at org.ccs.openmrs.migracao.swingreverse.ExportData.InsereObs(ExportData.java:197)
	at org.ccs.openmrs.migracao.swingreverse.Task1.doInBackground(Task1.java:199)
	at org.ccs.openmrs.migracao.swingreverse.Task1.doInBackground(Task1.java:54)
	at javax.swing.SwingWorker$1.call(SwingWorker.java:296)
	at java.util.concurrent.FutureTask.run(FutureTask.java:262)
	at javax.swing.SwingWorker.run(SwingWorker.java:335)
	at java.util.concurrent.ThreadPoolExecutor.runWorker(ThreadPoolExecutor.java:1145)
	at java.util.concurrent.ThreadPoolExecutor$Worker.run(ThreadPoolExecutor.java:615)
	at java.lang.Thread.run(Thread.java:744)
12-03-2019 12:59:47 [SwingWorker-pool-3-thread-1] ERROR te.LazyInitializationException - failed to lazily initialize a collection of role: org.ccs.openmrs.migracao.entidades.Concept.programCollection, no session or session was closed
org.hibernate.LazyInitializationException: failed to lazily initialize a collection of role: org.ccs.openmrs.migracao.entidades.Concept.programCollection, no session or session was closed
	at org.hibernate.collection.AbstractPersistentCollection.throwLazyInitializationException(AbstractPersistentCollection.java:358)
	at org.hibernate.collection.AbstractPersistentCollection.throwLazyInitializationExceptionIfNotConnected(AbstractPersistentCollection.java:350)
	at org.hibernate.collection.AbstractPersistentCollection.readSize(AbstractPersistentCollection.java:97)
	at org.hibernate.collection.PersistentBag.size(PersistentBag.java:225)
	at org.ccs.openmrs.migracao.swingreverse.ExportData.InsereObs(ExportData.java:197)
	at org.ccs.openmrs.migracao.swingreverse.Task1.doInBackground(Task1.java:199)
	at org.ccs.openmrs.migracao.swingreverse.Task1.doInBackground(Task1.java:54)
	at javax.swing.SwingWorker$1.call(SwingWorker.java:296)
	at java.util.concurrent.FutureTask.run(FutureTask.java:262)
	at javax.swing.SwingWorker.run(SwingWorker.java:335)
	at java.util.concurrent.ThreadPoolExecutor.runWorker(ThreadPoolExecutor.java:1145)
	at java.util.concurrent.ThreadPoolExecutor$Worker.run(ThreadPoolExecutor.java:615)
	at java.lang.Thread.run(Thread.java:744)
12-03-2019 12:59:47 [SwingWorker-pool-3-thread-1] ERROR te.LazyInitializationException - failed to lazily initialize a collection of role: org.ccs.openmrs.migracao.entidades.Concept.patientProgramCollection, no session or session was closed
org.hibernate.LazyInitializationException: failed to lazily initialize a collection of role: org.ccs.openmrs.migracao.entidades.Concept.patientProgramCollection, no session or session was closed
	at org.hibernate.collection.AbstractPersistentCollection.throwLazyInitializationException(AbstractPersistentCollection.java:358)
	at org.hibernate.collection.AbstractPersistentCollection.throwLazyInitializationExceptionIfNotConnected(AbstractPersistentCollection.java:350)
	at org.hibernate.collection.AbstractPersistentCollection.readSize(AbstractPersistentCollection.java:97)
	at org.hibernate.collection.PersistentBag.size(PersistentBag.java:225)
	at org.ccs.openmrs.migracao.swingreverse.ExportData.InsereObs(ExportData.java:197)
	at org.ccs.openmrs.migracao.swingreverse.Task1.doInBackground(Task1.java:199)
	at org.ccs.openmrs.migracao.swingreverse.Task1.doInBackground(Task1.java:54)
	at javax.swing.SwingWorker$1.call(SwingWorker.java:296)
	at java.util.concurrent.FutureTask.run(FutureTask.java:262)
	at javax.swing.SwingWorker.run(SwingWorker.java:335)
	at java.util.concurrent.ThreadPoolExecutor.runWorker(ThreadPoolExecutor.java:1145)
	at java.util.concurrent.ThreadPoolExecutor$Worker.run(ThreadPoolExecutor.java:615)
	at java.lang.Thread.run(Thread.java:744)
12-03-2019 12:59:47 [SwingWorker-pool-3-thread-1] ERROR te.LazyInitializationException - failed to lazily initialize a collection of role: org.ccs.openmrs.migracao.entidades.Concept.personList, no session or session was closed
org.hibernate.LazyInitializationException: failed to lazily initialize a collection of role: org.ccs.openmrs.migracao.entidades.Concept.personList, no session or session was closed
	at org.hibernate.collection.AbstractPersistentCollection.throwLazyInitializationException(AbstractPersistentCollection.java:358)
	at org.hibernate.collection.AbstractPersistentCollection.throwLazyInitializationExceptionIfNotConnected(AbstractPersistentCollection.java:350)
	at org.hibernate.collection.AbstractPersistentCollection.readSize(AbstractPersistentCollection.java:97)
	at org.hibernate.collection.PersistentBag.size(PersistentBag.java:225)
	at org.ccs.openmrs.migracao.swingreverse.ExportData.InsereObs(ExportData.java:197)
	at org.ccs.openmrs.migracao.swingreverse.Task1.doInBackground(Task1.java:199)
	at org.ccs.openmrs.migracao.swingreverse.Task1.doInBackground(Task1.java:54)
	at javax.swing.SwingWorker$1.call(SwingWorker.java:296)
	at java.util.concurrent.FutureTask.run(FutureTask.java:262)
	at javax.swing.SwingWorker.run(SwingWorker.java:335)
	at java.util.concurrent.ThreadPoolExecutor.runWorker(ThreadPoolExecutor.java:1145)
	at java.util.concurrent.ThreadPoolExecutor$Worker.run(ThreadPoolExecutor.java:615)
	at java.lang.Thread.run(Thread.java:744)
12-03-2019 12:59:48 [SwingWorker-pool-3-thread-1] ERROR te.LazyInitializationException - failed to lazily initialize a collection of role: org.ccs.openmrs.migracao.entidades.Concept.conceptNameList, no session or session was closed
org.hibernate.LazyInitializationException: failed to lazily initialize a collection of role: org.ccs.openmrs.migracao.entidades.Concept.conceptNameList, no session or session was closed
	at org.hibernate.collection.AbstractPersistentCollection.throwLazyInitializationException(AbstractPersistentCollection.java:358)
	at org.hibernate.collection.AbstractPersistentCollection.throwLazyInitializationExceptionIfNotConnected(AbstractPersistentCollection.java:350)
	at org.hibernate.collection.AbstractPersistentCollection.readSize(AbstractPersistentCollection.java:97)
	at org.hibernate.collection.PersistentBag.size(PersistentBag.java:225)
	at org.ccs.openmrs.migracao.swingreverse.ExportData.InsereObs(ExportData.java:197)
	at org.ccs.openmrs.migracao.swingreverse.Task1.doInBackground(Task1.java:199)
	at org.ccs.openmrs.migracao.swingreverse.Task1.doInBackground(Task1.java:54)
	at javax.swing.SwingWorker$1.call(SwingWorker.java:296)
	at java.util.concurrent.FutureTask.run(FutureTask.java:262)
	at javax.swing.SwingWorker.run(SwingWorker.java:335)
	at java.util.concurrent.ThreadPoolExecutor.runWorker(ThreadPoolExecutor.java:1145)
	at java.util.concurrent.ThreadPoolExecutor$Worker.run(ThreadPoolExecutor.java:615)
	at java.lang.Thread.run(Thread.java:744)
12-03-2019 12:59:48 [SwingWorker-pool-3-thread-1] ERROR te.LazyInitializationException - failed to lazily initialize a collection of role: org.ccs.openmrs.migracao.entidades.Concept.visitList, no session or session was closed
org.hibernate.LazyInitializationException: failed to lazily initialize a collection of role: org.ccs.openmrs.migracao.entidades.Concept.visitList, no session or session was closed
	at org.hibernate.collection.AbstractPersistentCollection.throwLazyInitializationException(AbstractPersistentCollection.java:358)
	at org.hibernate.collection.AbstractPersistentCollection.throwLazyInitializationExceptionIfNotConnected(AbstractPersistentCollection.java:350)
	at org.hibernate.collection.AbstractPersistentCollection.readSize(AbstractPersistentCollection.java:97)
	at org.hibernate.collection.PersistentBag.size(PersistentBag.java:225)
	at org.ccs.openmrs.migracao.swingreverse.ExportData.InsereObs(ExportData.java:197)
	at org.ccs.openmrs.migracao.swingreverse.Task1.doInBackground(Task1.java:199)
	at org.ccs.openmrs.migracao.swingreverse.Task1.doInBackground(Task1.java:54)
	at javax.swing.SwingWorker$1.call(SwingWorker.java:296)
	at java.util.concurrent.FutureTask.run(FutureTask.java:262)
	at javax.swing.SwingWorker.run(SwingWorker.java:335)
	at java.util.concurrent.ThreadPoolExecutor.runWorker(ThreadPoolExecutor.java:1145)
	at java.util.concurrent.ThreadPoolExecutor$Worker.run(ThreadPoolExecutor.java:615)
	at java.lang.Thread.run(Thread.java:744)
12-03-2019 12:59:48 [SwingWorker-pool-3-thread-1] ERROR te.LazyInitializationException - failed to lazily initialize a collection of role: org.ccs.openmrs.migracao.entidades.Concept.obsList, no session or session was closed
org.hibernate.LazyInitializationException: failed to lazily initialize a collection of role: org.ccs.openmrs.migracao.entidades.Concept.obsList, no session or session was closed
	at org.hibernate.collection.AbstractPersistentCollection.throwLazyInitializationException(AbstractPersistentCollection.java:358)
	at org.hibernate.collection.AbstractPersistentCollection.throwLazyInitializationExceptionIfNotConnected(AbstractPersistentCollection.java:350)
	at org.hibernate.collection.AbstractPersistentCollection.readSize(AbstractPersistentCollection.java:97)
	at org.hibernate.collection.PersistentBag.size(PersistentBag.java:225)
	at org.ccs.openmrs.migracao.swingreverse.ExportData.InsereObs(ExportData.java:197)
	at org.ccs.openmrs.migracao.swingreverse.Task1.doInBackground(Task1.java:199)
	at org.ccs.openmrs.migracao.swingreverse.Task1.doInBackground(Task1.java:54)
	at javax.swing.SwingWorker$1.call(SwingWorker.java:296)
	at java.util.concurrent.FutureTask.run(FutureTask.java:262)
	at javax.swing.SwingWorker.run(SwingWorker.java:335)
	at java.util.concurrent.ThreadPoolExecutor.runWorker(ThreadPoolExecutor.java:1145)
	at java.util.concurrent.ThreadPoolExecutor$Worker.run(ThreadPoolExecutor.java:615)
	at java.lang.Thread.run(Thread.java:744)
12-03-2019 12:59:48 [SwingWorker-pool-3-thread-1] ERROR te.LazyInitializationException - failed to lazily initialize a collection of role: org.ccs.openmrs.migracao.entidades.Concept.obsList1, no session or session was closed
org.hibernate.LazyInitializationException: failed to lazily initialize a collection of role: org.ccs.openmrs.migracao.entidades.Concept.obsList1, no session or session was closed
	at org.hibernate.collection.AbstractPersistentCollection.throwLazyInitializationException(AbstractPersistentCollection.java:358)
	at org.hibernate.collection.AbstractPersistentCollection.throwLazyInitializationExceptionIfNotConnected(AbstractPersistentCollection.java:350)
	at org.hibernate.collection.AbstractPersistentCollection.readSize(AbstractPersistentCollection.java:97)
	at org.hibernate.collection.PersistentBag.size(PersistentBag.java:225)
	at org.ccs.openmrs.migracao.swingreverse.ExportData.InsereObs(ExportData.java:197)
	at org.ccs.openmrs.migracao.swingreverse.Task1.doInBackground(Task1.java:199)
	at org.ccs.openmrs.migracao.swingreverse.Task1.doInBackground(Task1.java:54)
	at javax.swing.SwingWorker$1.call(SwingWorker.java:296)
	at java.util.concurrent.FutureTask.run(FutureTask.java:262)
	at javax.swing.SwingWorker.run(SwingWorker.java:335)
	at java.util.concurrent.ThreadPoolExecutor.runWorker(ThreadPoolExecutor.java:1145)
	at java.util.concurrent.ThreadPoolExecutor$Worker.run(ThreadPoolExecutor.java:615)
	at java.lang.Thread.run(Thread.java:744)
12-03-2019 12:59:48 [SwingWorker-pool-3-thread-1] ERROR te.LazyInitializationException - failed to lazily initialize a collection of role: org.ccs.openmrs.migracao.entidades.Concept.drugList, no session or session was closed
org.hibernate.LazyInitializationException: failed to lazily initialize a collection of role: org.ccs.openmrs.migracao.entidades.Concept.drugList, no session or session was closed
	at org.hibernate.collection.AbstractPersistentCollection.throwLazyInitializationException(AbstractPersistentCollection.java:358)
	at org.hibernate.collection.AbstractPersistentCollection.throwLazyInitializationExceptionIfNotConnected(AbstractPersistentCollection.java:350)
	at org.hibernate.collection.AbstractPersistentCollection.readSize(AbstractPersistentCollection.java:97)
	at org.hibernate.collection.PersistentBag.size(PersistentBag.java:225)
	at org.ccs.openmrs.migracao.swingreverse.ExportData.InsereObs(ExportData.java:197)
	at org.ccs.openmrs.migracao.swingreverse.Task1.doInBackground(Task1.java:199)
	at org.ccs.openmrs.migracao.swingreverse.Task1.doInBackground(Task1.java:54)
	at javax.swing.SwingWorker$1.call(SwingWorker.java:296)
	at java.util.concurrent.FutureTask.run(FutureTask.java:262)
	at javax.swing.SwingWorker.run(SwingWorker.java:335)
	at java.util.concurrent.ThreadPoolExecutor.runWorker(ThreadPoolExecutor.java:1145)
	at java.util.concurrent.ThreadPoolExecutor$Worker.run(ThreadPoolExecutor.java:615)
	at java.lang.Thread.run(Thread.java:744)
12-03-2019 12:59:48 [SwingWorker-pool-3-thread-1] ERROR te.LazyInitializationException - failed to lazily initialize a collection of role: org.ccs.openmrs.migracao.entidades.Concept.drugList1, no session or session was closed
org.hibernate.LazyInitializationException: failed to lazily initialize a collection of role: org.ccs.openmrs.migracao.entidades.Concept.drugList1, no session or session was closed
	at org.hibernate.collection.AbstractPersistentCollection.throwLazyInitializationException(AbstractPersistentCollection.java:358)
	at org.hibernate.collection.AbstractPersistentCollection.throwLazyInitializationExceptionIfNotConnected(AbstractPersistentCollection.java:350)
	at org.hibernate.collection.AbstractPersistentCollection.readSize(AbstractPersistentCollection.java:97)
	at org.hibernate.collection.PersistentBag.size(PersistentBag.java:225)
	at org.ccs.openmrs.migracao.swingreverse.ExportData.InsereObs(ExportData.java:197)
	at org.ccs.openmrs.migracao.swingreverse.Task1.doInBackground(Task1.java:199)
	at org.ccs.openmrs.migracao.swingreverse.Task1.doInBackground(Task1.java:54)
	at javax.swing.SwingWorker$1.call(SwingWorker.java:296)
	at java.util.concurrent.FutureTask.run(FutureTask.java:262)
	at javax.swing.SwingWorker.run(SwingWorker.java:335)
	at java.util.concurrent.ThreadPoolExecutor.runWorker(ThreadPoolExecutor.java:1145)
	at java.util.concurrent.ThreadPoolExecutor$Worker.run(ThreadPoolExecutor.java:615)
	at java.lang.Thread.run(Thread.java:744)
12-03-2019 12:59:49 [SwingWorker-pool-3-thread-1] ERROR te.LazyInitializationException - failed to lazily initialize a collection of role: org.ccs.openmrs.migracao.entidades.Concept.drugList2, no session or session was closed
org.hibernate.LazyInitializationException: failed to lazily initialize a collection of role: org.ccs.openmrs.migracao.entidades.Concept.drugList2, no session or session was closed
	at org.hibernate.collection.AbstractPersistentCollection.throwLazyInitializationException(AbstractPersistentCollection.java:358)
	at org.hibernate.collection.AbstractPersistentCollection.throwLazyInitializationExceptionIfNotConnected(AbstractPersistentCollection.java:350)
	at org.hibernate.collection.AbstractPersistentCollection.readSize(AbstractPersistentCollection.java:97)
	at org.hibernate.collection.PersistentBag.size(PersistentBag.java:225)
	at org.ccs.openmrs.migracao.swingreverse.ExportData.InsereObs(ExportData.java:197)
	at org.ccs.openmrs.migracao.swingreverse.Task1.doInBackground(Task1.java:199)
	at org.ccs.openmrs.migracao.swingreverse.Task1.doInBackground(Task1.java:54)
	at javax.swing.SwingWorker$1.call(SwingWorker.java:296)
	at java.util.concurrent.FutureTask.run(FutureTask.java:262)
	at javax.swing.SwingWorker.run(SwingWorker.java:335)
	at java.util.concurrent.ThreadPoolExecutor.runWorker(ThreadPoolExecutor.java:1145)
	at java.util.concurrent.ThreadPoolExecutor$Worker.run(ThreadPoolExecutor.java:615)
	at java.lang.Thread.run(Thread.java:744)
12-03-2019 12:59:49 [SwingWorker-pool-3-thread-1] ERROR te.LazyInitializationException - failed to lazily initialize a collection of role: org.ccs.openmrs.migracao.entidades.Concept.ordersList, no session or session was closed
org.hibernate.LazyInitializationException: failed to lazily initialize a collection of role: org.ccs.openmrs.migracao.entidades.Concept.ordersList, no session or session was closed
	at org.hibernate.collection.AbstractPersistentCollection.throwLazyInitializationException(AbstractPersistentCollection.java:358)
	at org.hibernate.collection.AbstractPersistentCollection.throwLazyInitializationExceptionIfNotConnected(AbstractPersistentCollection.java:350)
	at org.hibernate.collection.AbstractPersistentCollection.readSize(AbstractPersistentCollection.java:97)
	at org.hibernate.collection.PersistentBag.size(PersistentBag.java:225)
	at org.ccs.openmrs.migracao.swingreverse.ExportData.InsereObs(ExportData.java:197)
	at org.ccs.openmrs.migracao.swingreverse.Task1.doInBackground(Task1.java:199)
	at org.ccs.openmrs.migracao.swingreverse.Task1.doInBackground(Task1.java:54)
	at javax.swing.SwingWorker$1.call(SwingWorker.java:296)
	at java.util.concurrent.FutureTask.run(FutureTask.java:262)
	at javax.swing.SwingWorker.run(SwingWorker.java:335)
	at java.util.concurrent.ThreadPoolExecutor.runWorker(ThreadPoolExecutor.java:1145)
	at java.util.concurrent.ThreadPoolExecutor$Worker.run(ThreadPoolExecutor.java:615)
	at java.lang.Thread.run(Thread.java:744)
12-03-2019 12:59:49 [SwingWorker-pool-3-thread-1] ERROR te.LazyInitializationException - failed to lazily initialize a collection of role: org.ccs.openmrs.migracao.entidades.Concept.ordersList1, no session or session was closed
org.hibernate.LazyInitializationException: failed to lazily initialize a collection of role: org.ccs.openmrs.migracao.entidades.Concept.ordersList1, no session or session was closed
	at org.hibernate.collection.AbstractPersistentCollection.throwLazyInitializationException(AbstractPersistentCollection.java:358)
	at org.hibernate.collection.AbstractPersistentCollection.throwLazyInitializationExceptionIfNotConnected(AbstractPersistentCollection.java:350)
	at org.hibernate.collection.AbstractPersistentCollection.readSize(AbstractPersistentCollection.java:97)
	at org.hibernate.collection.PersistentBag.size(PersistentBag.java:225)
	at org.ccs.openmrs.migracao.swingreverse.ExportData.InsereObs(ExportData.java:197)
	at org.ccs.openmrs.migracao.swingreverse.Task1.doInBackground(Task1.java:199)
	at org.ccs.openmrs.migracao.swingreverse.Task1.doInBackground(Task1.java:54)
	at javax.swing.SwingWorker$1.call(SwingWorker.java:296)
	at java.util.concurrent.FutureTask.run(FutureTask.java:262)
	at javax.swing.SwingWorker.run(SwingWorker.java:335)
	at java.util.concurrent.ThreadPoolExecutor.runWorker(ThreadPoolExecutor.java:1145)
	at java.util.concurrent.ThreadPoolExecutor$Worker.run(ThreadPoolExecutor.java:615)
	at java.lang.Thread.run(Thread.java:744)
12-03-2019 12:59:49 [SwingWorker-pool-3-thread-1] ERROR te.LazyInitializationException - failed to lazily initialize a collection of role: org.ccs.openmrs.migracao.entidades.Concept.programCollection, no session or session was closed
org.hibernate.LazyInitializationException: failed to lazily initialize a collection of role: org.ccs.openmrs.migracao.entidades.Concept.programCollection, no session or session was closed
	at org.hibernate.collection.AbstractPersistentCollection.throwLazyInitializationException(AbstractPersistentCollection.java:358)
	at org.hibernate.collection.AbstractPersistentCollection.throwLazyInitializationExceptionIfNotConnected(AbstractPersistentCollection.java:350)
	at org.hibernate.collection.AbstractPersistentCollection.readSize(AbstractPersistentCollection.java:97)
	at org.hibernate.collection.PersistentBag.size(PersistentBag.java:225)
	at org.ccs.openmrs.migracao.swingreverse.ExportData.InsereObs(ExportData.java:204)
	at org.ccs.openmrs.migracao.swingreverse.Task1.doInBackground(Task1.java:199)
	at org.ccs.openmrs.migracao.swingreverse.Task1.doInBackground(Task1.java:54)
	at javax.swing.SwingWorker$1.call(SwingWorker.java:296)
	at java.util.concurrent.FutureTask.run(FutureTask.java:262)
	at javax.swing.SwingWorker.run(SwingWorker.java:335)
	at java.util.concurrent.ThreadPoolExecutor.runWorker(ThreadPoolExecutor.java:1145)
	at java.util.concurrent.ThreadPoolExecutor$Worker.run(ThreadPoolExecutor.java:615)
	at java.lang.Thread.run(Thread.java:744)
12-03-2019 12:59:49 [SwingWorker-pool-3-thread-1] ERROR te.LazyInitializationException - failed to lazily initialize a collection of role: org.ccs.openmrs.migracao.entidades.Concept.programCollection1, no session or session was closed
org.hibernate.LazyInitializationException: failed to lazily initialize a collection of role: org.ccs.openmrs.migracao.entidades.Concept.programCollection1, no session or session was closed
	at org.hibernate.collection.AbstractPersistentCollection.throwLazyInitializationException(AbstractPersistentCollection.java:358)
	at org.hibernate.collection.AbstractPersistentCollection.throwLazyInitializationExceptionIfNotConnected(AbstractPersistentCollection.java:350)
	at org.hibernate.collection.AbstractPersistentCollection.readSize(AbstractPersistentCollection.java:97)
	at org.hibernate.collection.PersistentBag.size(PersistentBag.java:225)
	at org.ccs.openmrs.migracao.swingreverse.ExportData.InsereObs(ExportData.java:204)
	at org.ccs.openmrs.migracao.swingreverse.Task1.doInBackground(Task1.java:199)
	at org.ccs.openmrs.migracao.swingreverse.Task1.doInBackground(Task1.java:54)
	at javax.swing.SwingWorker$1.call(SwingWorker.java:296)
	at java.util.concurrent.FutureTask.run(FutureTask.java:262)
	at javax.swing.SwingWorker.run(SwingWorker.java:335)
	at java.util.concurrent.ThreadPoolExecutor.runWorker(ThreadPoolExecutor.java:1145)
	at java.util.concurrent.ThreadPoolExecutor$Worker.run(ThreadPoolExecutor.java:615)
	at java.lang.Thread.run(Thread.java:744)
12-03-2019 12:59:49 [SwingWorker-pool-3-thread-1] ERROR te.LazyInitializationException - failed to lazily initialize a collection of role: org.ccs.openmrs.migracao.entidades.Concept.patientProgramCollection, no session or session was closed
org.hibernate.LazyInitializationException: failed to lazily initialize a collection of role: org.ccs.openmrs.migracao.entidades.Concept.patientProgramCollection, no session or session was closed
	at org.hibernate.collection.AbstractPersistentCollection.throwLazyInitializationException(AbstractPersistentCollection.java:358)
	at org.hibernate.collection.AbstractPersistentCollection.throwLazyInitializationExceptionIfNotConnected(AbstractPersistentCollection.java:350)
	at org.hibernate.collection.AbstractPersistentCollection.readSize(AbstractPersistentCollection.java:97)
	at org.hibernate.collection.PersistentBag.size(PersistentBag.java:225)
	at org.ccs.openmrs.migracao.swingreverse.ExportData.InsereObs(ExportData.java:204)
	at org.ccs.openmrs.migracao.swingreverse.Task1.doInBackground(Task1.java:199)
	at org.ccs.openmrs.migracao.swingreverse.Task1.doInBackground(Task1.java:54)
	at javax.swing.SwingWorker$1.call(SwingWorker.java:296)
	at java.util.concurrent.FutureTask.run(FutureTask.java:262)
	at javax.swing.SwingWorker.run(SwingWorker.java:335)
	at java.util.concurrent.ThreadPoolExecutor.runWorker(ThreadPoolExecutor.java:1145)
	at java.util.concurrent.ThreadPoolExecutor$Worker.run(ThreadPoolExecutor.java:615)
	at java.lang.Thread.run(Thread.java:744)
12-03-2019 12:59:51 [SwingWorker-pool-3-thread-1] ERROR te.LazyInitializationException - failed to lazily initialize a collection of role: org.ccs.openmrs.migracao.entidades.Concept.personList, no session or session was closed
org.hibernate.LazyInitializationException: failed to lazily initialize a collection of role: org.ccs.openmrs.migracao.entidades.Concept.personList, no session or session was closed
	at org.hibernate.collection.AbstractPersistentCollection.throwLazyInitializationException(AbstractPersistentCollection.java:358)
	at org.hibernate.collection.AbstractPersistentCollection.throwLazyInitializationExceptionIfNotConnected(AbstractPersistentCollection.java:350)
	at org.hibernate.collection.AbstractPersistentCollection.readSize(AbstractPersistentCollection.java:97)
	at org.hibernate.collection.PersistentBag.size(PersistentBag.java:225)
	at org.ccs.openmrs.migracao.swingreverse.ExportData.InsereObs(ExportData.java:209)
	at org.ccs.openmrs.migracao.swingreverse.Task1.doInBackground(Task1.java:199)
	at org.ccs.openmrs.migracao.swingreverse.Task1.doInBackground(Task1.java:54)
	at javax.swing.SwingWorker$1.call(SwingWorker.java:296)
	at java.util.concurrent.FutureTask.run(FutureTask.java:262)
	at javax.swing.SwingWorker.run(SwingWorker.java:335)
	at java.util.concurrent.ThreadPoolExecutor.runWorker(ThreadPoolExecutor.java:1145)
	at java.util.concurrent.ThreadPoolExecutor$Worker.run(ThreadPoolExecutor.java:615)
	at java.lang.Thread.run(Thread.java:744)
12-03-2019 12:59:51 [SwingWorker-pool-3-thread-1] ERROR te.LazyInitializationException - failed to lazily initialize a collection of role: org.ccs.openmrs.migracao.entidades.Concept.conceptNameList, no session or session was closed
org.hibernate.LazyInitializationException: failed to lazily initialize a collection of role: org.ccs.openmrs.migracao.entidades.Concept.conceptNameList, no session or session was closed
	at org.hibernate.collection.AbstractPersistentCollection.throwLazyInitializationException(AbstractPersistentCollection.java:358)
	at org.hibernate.collection.AbstractPersistentCollection.throwLazyInitializationExceptionIfNotConnected(AbstractPersistentCollection.java:350)
	at org.hibernate.collection.AbstractPersistentCollection.readSize(AbstractPersistentCollection.java:97)
	at org.hibernate.collection.PersistentBag.size(PersistentBag.java:225)
	at org.ccs.openmrs.migracao.swingreverse.ExportData.InsereObs(ExportData.java:209)
	at org.ccs.openmrs.migracao.swingreverse.Task1.doInBackground(Task1.java:199)
	at org.ccs.openmrs.migracao.swingreverse.Task1.doInBackground(Task1.java:54)
	at javax.swing.SwingWorker$1.call(SwingWorker.java:296)
	at java.util.concurrent.FutureTask.run(FutureTask.java:262)
	at javax.swing.SwingWorker.run(SwingWorker.java:335)
	at java.util.concurrent.ThreadPoolExecutor.runWorker(ThreadPoolExecutor.java:1145)
	at java.util.concurrent.ThreadPoolExecutor$Worker.run(ThreadPoolExecutor.java:615)
	at java.lang.Thread.run(Thread.java:744)
12-03-2019 12:59:51 [SwingWorker-pool-3-thread-1] ERROR te.LazyInitializationException - failed to lazily initialize a collection of role: org.ccs.openmrs.migracao.entidades.Concept.obsList, no session or session was closed
org.hibernate.LazyInitializationException: failed to lazily initialize a collection of role: org.ccs.openmrs.migracao.entidades.Concept.obsList, no session or session was closed
	at org.hibernate.collection.AbstractPersistentCollection.throwLazyInitializationException(AbstractPersistentCollection.java:358)
	at org.hibernate.collection.AbstractPersistentCollection.throwLazyInitializationExceptionIfNotConnected(AbstractPersistentCollection.java:350)
	at org.hibernate.collection.AbstractPersistentCollection.readSize(AbstractPersistentCollection.java:97)
	at org.hibernate.collection.PersistentBag.size(PersistentBag.java:225)
	at org.ccs.openmrs.migracao.swingreverse.ExportData.InsereObs(ExportData.java:209)
	at org.ccs.openmrs.migracao.swingreverse.Task1.doInBackground(Task1.java:199)
	at org.ccs.openmrs.migracao.swingreverse.Task1.doInBackground(Task1.java:54)
	at javax.swing.SwingWorker$1.call(SwingWorker.java:296)
	at java.util.concurrent.FutureTask.run(FutureTask.java:262)
	at javax.swing.SwingWorker.run(SwingWorker.java:335)
	at java.util.concurrent.ThreadPoolExecutor.runWorker(ThreadPoolExecutor.java:1145)
	at java.util.concurrent.ThreadPoolExecutor$Worker.run(ThreadPoolExecutor.java:615)
	at java.lang.Thread.run(Thread.java:744)
12-03-2019 12:59:51 [SwingWorker-pool-3-thread-1] ERROR te.LazyInitializationException - failed to lazily initialize a collection of role: org.ccs.openmrs.migracao.entidades.Concept.visitList, no session or session was closed
org.hibernate.LazyInitializationException: failed to lazily initialize a collection of role: org.ccs.openmrs.migracao.entidades.Concept.visitList, no session or session was closed
	at org.hibernate.collection.AbstractPersistentCollection.throwLazyInitializationException(AbstractPersistentCollection.java:358)
	at org.hibernate.collection.AbstractPersistentCollection.throwLazyInitializationExceptionIfNotConnected(AbstractPersistentCollection.java:350)
	at org.hibernate.collection.AbstractPersistentCollection.readSize(AbstractPersistentCollection.java:97)
	at org.hibernate.collection.PersistentBag.size(PersistentBag.java:225)
	at org.ccs.openmrs.migracao.swingreverse.ExportData.InsereObs(ExportData.java:209)
	at org.ccs.openmrs.migracao.swingreverse.Task1.doInBackground(Task1.java:199)
	at org.ccs.openmrs.migracao.swingreverse.Task1.doInBackground(Task1.java:54)
	at javax.swing.SwingWorker$1.call(SwingWorker.java:296)
	at java.util.concurrent.FutureTask.run(FutureTask.java:262)
	at javax.swing.SwingWorker.run(SwingWorker.java:335)
	at java.util.concurrent.ThreadPoolExecutor.runWorker(ThreadPoolExecutor.java:1145)
	at java.util.concurrent.ThreadPoolExecutor$Worker.run(ThreadPoolExecutor.java:615)
	at java.lang.Thread.run(Thread.java:744)
12-03-2019 12:59:51 [SwingWorker-pool-3-thread-1] ERROR te.LazyInitializationException - failed to lazily initialize a collection of role: org.ccs.openmrs.migracao.entidades.Concept.obsList1, no session or session was closed
org.hibernate.LazyInitializationException: failed to lazily initialize a collection of role: org.ccs.openmrs.migracao.entidades.Concept.obsList1, no session or session was closed
	at org.hibernate.collection.AbstractPersistentCollection.throwLazyInitializationException(AbstractPersistentCollection.java:358)
	at org.hibernate.collection.AbstractPersistentCollection.throwLazyInitializationExceptionIfNotConnected(AbstractPersistentCollection.java:350)
	at org.hibernate.collection.AbstractPersistentCollection.readSize(AbstractPersistentCollection.java:97)
	at org.hibernate.collection.PersistentBag.size(PersistentBag.java:225)
	at org.ccs.openmrs.migracao.swingreverse.ExportData.InsereObs(ExportData.java:209)
	at org.ccs.openmrs.migracao.swingreverse.Task1.doInBackground(Task1.java:199)
	at org.ccs.openmrs.migracao.swingreverse.Task1.doInBackground(Task1.java:54)
	at javax.swing.SwingWorker$1.call(SwingWorker.java:296)
	at java.util.concurrent.FutureTask.run(FutureTask.java:262)
	at javax.swing.SwingWorker.run(SwingWorker.java:335)
	at java.util.concurrent.ThreadPoolExecutor.runWorker(ThreadPoolExecutor.java:1145)
	at java.util.concurrent.ThreadPoolExecutor$Worker.run(ThreadPoolExecutor.java:615)
	at java.lang.Thread.run(Thread.java:744)
12-03-2019 12:59:51 [SwingWorker-pool-3-thread-1] ERROR te.LazyInitializationException - failed to lazily initialize a collection of role: org.ccs.openmrs.migracao.entidades.Concept.drugList, no session or session was closed
org.hibernate.LazyInitializationException: failed to lazily initialize a collection of role: org.ccs.openmrs.migracao.entidades.Concept.drugList, no session or session was closed
	at org.hibernate.collection.AbstractPersistentCollection.throwLazyInitializationException(AbstractPersistentCollection.java:358)
	at org.hibernate.collection.AbstractPersistentCollection.throwLazyInitializationExceptionIfNotConnected(AbstractPersistentCollection.java:350)
	at org.hibernate.collection.AbstractPersistentCollection.readSize(AbstractPersistentCollection.java:97)
	at org.hibernate.collection.PersistentBag.size(PersistentBag.java:225)
	at org.ccs.openmrs.migracao.swingreverse.ExportData.InsereObs(ExportData.java:209)
	at org.ccs.openmrs.migracao.swingreverse.Task1.doInBackground(Task1.java:199)
	at org.ccs.openmrs.migracao.swingreverse.Task1.doInBackground(Task1.java:54)
	at javax.swing.SwingWorker$1.call(SwingWorker.java:296)
	at java.util.concurrent.FutureTask.run(FutureTask.java:262)
	at javax.swing.SwingWorker.run(SwingWorker.java:335)
	at java.util.concurrent.ThreadPoolExecutor.runWorker(ThreadPoolExecutor.java:1145)
	at java.util.concurrent.ThreadPoolExecutor$Worker.run(ThreadPoolExecutor.java:615)
	at java.lang.Thread.run(Thread.java:744)
12-03-2019 12:59:51 [SwingWorker-pool-3-thread-1] ERROR te.LazyInitializationException - failed to lazily initialize a collection of role: org.ccs.openmrs.migracao.entidades.Concept.drugList1, no session or session was closed
org.hibernate.LazyInitializationException: failed to lazily initialize a collection of role: org.ccs.openmrs.migracao.entidades.Concept.drugList1, no session or session was closed
	at org.hibernate.collection.AbstractPersistentCollection.throwLazyInitializationException(AbstractPersistentCollection.java:358)
	at org.hibernate.collection.AbstractPersistentCollection.throwLazyInitializationExceptionIfNotConnected(AbstractPersistentCollection.java:350)
	at org.hibernate.collection.AbstractPersistentCollection.readSize(AbstractPersistentCollection.java:97)
	at org.hibernate.collection.PersistentBag.size(PersistentBag.java:225)
	at org.ccs.openmrs.migracao.swingreverse.ExportData.InsereObs(ExportData.java:209)
	at org.ccs.openmrs.migracao.swingreverse.Task1.doInBackground(Task1.java:199)
	at org.ccs.openmrs.migracao.swingreverse.Task1.doInBackground(Task1.java:54)
	at javax.swing.SwingWorker$1.call(SwingWorker.java:296)
	at java.util.concurrent.FutureTask.run(FutureTask.java:262)
	at javax.swing.SwingWorker.run(SwingWorker.java:335)
	at java.util.concurrent.ThreadPoolExecutor.runWorker(ThreadPoolExecutor.java:1145)
	at java.util.concurrent.ThreadPoolExecutor$Worker.run(ThreadPoolExecutor.java:615)
	at java.lang.Thread.run(Thread.java:744)
12-03-2019 12:59:51 [SwingWorker-pool-3-thread-1] ERROR te.LazyInitializationException - failed to lazily initialize a collection of role: org.ccs.openmrs.migracao.entidades.Concept.drugList2, no session or session was closed
org.hibernate.LazyInitializationException: failed to lazily initialize a collection of role: org.ccs.openmrs.migracao.entidades.Concept.drugList2, no session or session was closed
	at org.hibernate.collection.AbstractPersistentCollection.throwLazyInitializationException(AbstractPersistentCollection.java:358)
	at org.hibernate.collection.AbstractPersistentCollection.throwLazyInitializationExceptionIfNotConnected(AbstractPersistentCollection.java:350)
	at org.hibernate.collection.AbstractPersistentCollection.readSize(AbstractPersistentCollection.java:97)
	at org.hibernate.collection.PersistentBag.size(PersistentBag.java:225)
	at org.ccs.openmrs.migracao.swingreverse.ExportData.InsereObs(ExportData.java:209)
	at org.ccs.openmrs.migracao.swingreverse.Task1.doInBackground(Task1.java:199)
	at org.ccs.openmrs.migracao.swingreverse.Task1.doInBackground(Task1.java:54)
	at javax.swing.SwingWorker$1.call(SwingWorker.java:296)
	at java.util.concurrent.FutureTask.run(FutureTask.java:262)
	at javax.swing.SwingWorker.run(SwingWorker.java:335)
	at java.util.concurrent.ThreadPoolExecutor.runWorker(ThreadPoolExecutor.java:1145)
	at java.util.concurrent.ThreadPoolExecutor$Worker.run(ThreadPoolExecutor.java:615)
	at java.lang.Thread.run(Thread.java:744)
12-03-2019 12:59:51 [SwingWorker-pool-3-thread-1] ERROR te.LazyInitializationException - failed to lazily initialize a collection of role: org.ccs.openmrs.migracao.entidades.Concept.personList, no session or session was closed
org.hibernate.LazyInitializationException: failed to lazily initialize a collection of role: org.ccs.openmrs.migracao.entidades.Concept.personList, no session or session was closed
	at org.hibernate.collection.AbstractPersistentCollection.throwLazyInitializationException(AbstractPersistentCollection.java:358)
	at org.hibernate.collection.AbstractPersistentCollection.throwLazyInitializationExceptionIfNotConnected(AbstractPersistentCollection.java:350)
	at org.hibernate.collection.AbstractPersistentCollection.readSize(AbstractPersistentCollection.java:97)
	at org.hibernate.collection.PersistentBag.size(PersistentBag.java:225)
	at org.ccs.openmrs.migracao.swingreverse.ExportData.InsereObs(ExportData.java:209)
	at org.ccs.openmrs.migracao.swingreverse.Task1.doInBackground(Task1.java:199)
	at org.ccs.openmrs.migracao.swingreverse.Task1.doInBackground(Task1.java:54)
	at javax.swing.SwingWorker$1.call(SwingWorker.java:296)
	at java.util.concurrent.FutureTask.run(FutureTask.java:262)
	at javax.swing.SwingWorker.run(SwingWorker.java:335)
	at java.util.concurrent.ThreadPoolExecutor.runWorker(ThreadPoolExecutor.java:1145)
	at java.util.concurrent.ThreadPoolExecutor$Worker.run(ThreadPoolExecutor.java:615)
	at java.lang.Thread.run(Thread.java:744)
12-03-2019 12:59:51 [SwingWorker-pool-3-thread-1] ERROR te.LazyInitializationException - failed to lazily initialize a collection of role: org.ccs.openmrs.migracao.entidades.Concept.conceptNameList, no session or session was closed
org.hibernate.LazyInitializationException: failed to lazily initialize a collection of role: org.ccs.openmrs.migracao.entidades.Concept.conceptNameList, no session or session was closed
	at org.hibernate.collection.AbstractPersistentCollection.throwLazyInitializationException(AbstractPersistentCollection.java:358)
	at org.hibernate.collection.AbstractPersistentCollection.throwLazyInitializationExceptionIfNotConnected(AbstractPersistentCollection.java:350)
	at org.hibernate.collection.AbstractPersistentCollection.readSize(AbstractPersistentCollection.java:97)
	at org.hibernate.collection.PersistentBag.size(PersistentBag.java:225)
	at org.ccs.openmrs.migracao.swingreverse.ExportData.InsereObs(ExportData.java:209)
	at org.ccs.openmrs.migracao.swingreverse.Task1.doInBackground(Task1.java:199)
	at org.ccs.openmrs.migracao.swingreverse.Task1.doInBackground(Task1.java:54)
	at javax.swing.SwingWorker$1.call(SwingWorker.java:296)
	at java.util.concurrent.FutureTask.run(FutureTask.java:262)
	at javax.swing.SwingWorker.run(SwingWorker.java:335)
	at java.util.concurrent.ThreadPoolExecutor.runWorker(ThreadPoolExecutor.java:1145)
	at java.util.concurrent.ThreadPoolExecutor$Worker.run(ThreadPoolExecutor.java:615)
	at java.lang.Thread.run(Thread.java:744)
12-03-2019 13:01:16 [main] INFO  idart.database.dao.ConexaoJDBC - Conectando ao banco de dados
URL = jdbc:postgresql://localhost:5432/pharm
12-03-2019 13:01:16 [main] INFO  idart.database.dao.ConexaoJDBC - Conectado...Criando a declaração
12-03-2019 13:01:16 [main] INFO  idart.database.dao.ConexaoJDBC - Conectando ao banco de dados
URL = jdbc:postgresql://localhost:5432/pharm
12-03-2019 13:01:16 [main] INFO  idart.database.dao.ConexaoJDBC - Conectado...Criando a declaração
12-03-2019 13:04:53 [main] INFO  idart.database.dao.ConexaoJDBC - Conectando ao banco de dados
URL = jdbc:postgresql://localhost:5432/pharm
12-03-2019 13:04:53 [main] INFO  idart.database.dao.ConexaoJDBC - Conectado...Criando a declaração
12-03-2019 13:04:54 [main] INFO  idart.database.dao.ConexaoJDBC - Conectando ao banco de dados
URL = jdbc:postgresql://localhost:5432/pharm
12-03-2019 13:04:54 [main] INFO  idart.database.dao.ConexaoJDBC - Conectado...Criando a declaração
12-03-2019 13:11:46 [main] INFO  idart.database.dao.ConexaoJDBC - Conectando ao banco de dados
URL = jdbc:postgresql://localhost:5432/pharm
12-03-2019 13:11:46 [main] INFO  idart.database.dao.ConexaoJDBC - Conectado...Criando a declaração
12-03-2019 13:11:47 [main] INFO  idart.database.dao.ConexaoJDBC - Conectando ao banco de dados
URL = jdbc:postgresql://localhost:5432/pharm
12-03-2019 13:11:47 [main] INFO  idart.database.dao.ConexaoJDBC - Conectado...Criando a declaração
12-03-2019 13:19:10 [main] INFO  idart.database.dao.ConexaoJDBC - Conectando ao banco de dados
URL = jdbc:postgresql://localhost:5432/pharm
12-03-2019 13:19:10 [main] INFO  idart.database.dao.ConexaoJDBC - Conectado...Criando a declaração
12-03-2019 13:19:10 [main] INFO  idart.database.dao.ConexaoJDBC - Conectando ao banco de dados
URL = jdbc:postgresql://localhost:5432/pharm
12-03-2019 13:19:10 [main] INFO  idart.database.dao.ConexaoJDBC - Conectado...Criando a declaração
12-03-2019 13:21:15 [main] INFO  idart.database.dao.ConexaoJDBC - Conectando ao banco de dados
URL = jdbc:postgresql://localhost:5432/pharm
12-03-2019 13:21:15 [main] INFO  idart.database.dao.ConexaoJDBC - Conectado...Criando a declaração
12-03-2019 13:21:15 [main] INFO  idart.database.dao.ConexaoJDBC - Conectando ao banco de dados
URL = jdbc:postgresql://localhost:5432/pharm
12-03-2019 13:21:15 [main] INFO  idart.database.dao.ConexaoJDBC - Conectado...Criando a declaração
12-03-2019 13:27:16 [main] DEBUG celllife.idart.misc.LoginTimer - Terminating iDART - TIMER EXPIRED
12-03-2019 13:27:16 [main] DEBUG dart.start.PharmacyApplication - Logged out..
12-03-2019 13:27:16 [main] DEBUG celllife.idart.gui.login.Login - Login Form Created
12-03-2019 13:29:49 [main] INFO  idart.database.dao.ConexaoJDBC - Conectando ao banco de dados
URL = jdbc:postgresql://localhost:5432/pharm
12-03-2019 13:29:49 [main] INFO  idart.database.dao.ConexaoJDBC - Conectado...Criando a declaração
12-03-2019 13:29:49 [main] INFO  idart.database.dao.ConexaoJDBC - Conectando ao banco de dados
URL = jdbc:postgresql://localhost:5432/pharm
12-03-2019 13:29:49 [main] INFO  idart.database.dao.ConexaoJDBC - Conectado...Criando a declaração
12-03-2019 13:35:21 [main] INFO  idart.database.dao.ConexaoJDBC - Conectando ao banco de dados
URL = jdbc:postgresql://localhost:5432/pharm
12-03-2019 13:35:21 [main] INFO  idart.database.dao.ConexaoJDBC - Conectado...Criando a declaração
12-03-2019 13:35:21 [main] INFO  idart.database.dao.ConexaoJDBC - Conectando ao banco de dados
URL = jdbc:postgresql://localhost:5432/pharm
12-03-2019 13:35:21 [main] INFO  idart.database.dao.ConexaoJDBC - Conectado...Criando a declaração
12-03-2019 13:35:41 [SwingWorker-pool-3-thread-1] ERROR te.LazyInitializationException - failed to lazily initialize a collection of role: org.ccs.openmrs.migracao.entidades.Location.patientProgramCollection, no session or session was closed
org.hibernate.LazyInitializationException: failed to lazily initialize a collection of role: org.ccs.openmrs.migracao.entidades.Location.patientProgramCollection, no session or session was closed
	at org.hibernate.collection.AbstractPersistentCollection.throwLazyInitializationException(AbstractPersistentCollection.java:358)
	at org.hibernate.collection.AbstractPersistentCollection.throwLazyInitializationExceptionIfNotConnected(AbstractPersistentCollection.java:350)
	at org.hibernate.collection.AbstractPersistentCollection.readSize(AbstractPersistentCollection.java:97)
	at org.hibernate.collection.PersistentBag.size(PersistentBag.java:225)
	at org.ccs.openmrs.migracao.swingreverse.Task1.doInBackground(Task1.java:129)
	at org.ccs.openmrs.migracao.swingreverse.Task1.doInBackground(Task1.java:54)
	at javax.swing.SwingWorker$1.call(SwingWorker.java:296)
	at java.util.concurrent.FutureTask.run(FutureTask.java:262)
	at javax.swing.SwingWorker.run(SwingWorker.java:335)
	at java.util.concurrent.ThreadPoolExecutor.runWorker(ThreadPoolExecutor.java:1145)
	at java.util.concurrent.ThreadPoolExecutor$Worker.run(ThreadPoolExecutor.java:615)
	at java.lang.Thread.run(Thread.java:744)
12-03-2019 13:35:41 [SwingWorker-pool-3-thread-1] ERROR te.LazyInitializationException - failed to lazily initialize a collection of role: org.ccs.openmrs.migracao.entidades.Location.locationList, no session or session was closed
org.hibernate.LazyInitializationException: failed to lazily initialize a collection of role: org.ccs.openmrs.migracao.entidades.Location.locationList, no session or session was closed
	at org.hibernate.collection.AbstractPersistentCollection.throwLazyInitializationException(AbstractPersistentCollection.java:358)
	at org.hibernate.collection.AbstractPersistentCollection.throwLazyInitializationExceptionIfNotConnected(AbstractPersistentCollection.java:350)
	at org.hibernate.collection.AbstractPersistentCollection.readSize(AbstractPersistentCollection.java:97)
	at org.hibernate.collection.PersistentBag.size(PersistentBag.java:225)
	at org.ccs.openmrs.migracao.swingreverse.Task1.doInBackground(Task1.java:129)
	at org.ccs.openmrs.migracao.swingreverse.Task1.doInBackground(Task1.java:54)
	at javax.swing.SwingWorker$1.call(SwingWorker.java:296)
	at java.util.concurrent.FutureTask.run(FutureTask.java:262)
	at javax.swing.SwingWorker.run(SwingWorker.java:335)
	at java.util.concurrent.ThreadPoolExecutor.runWorker(ThreadPoolExecutor.java:1145)
	at java.util.concurrent.ThreadPoolExecutor$Worker.run(ThreadPoolExecutor.java:615)
	at java.lang.Thread.run(Thread.java:744)
12-03-2019 13:35:41 [SwingWorker-pool-3-thread-1] ERROR te.LazyInitializationException - failed to lazily initialize a collection of role: org.ccs.openmrs.migracao.entidades.Location.visitList, no session or session was closed
org.hibernate.LazyInitializationException: failed to lazily initialize a collection of role: org.ccs.openmrs.migracao.entidades.Location.visitList, no session or session was closed
	at org.hibernate.collection.AbstractPersistentCollection.throwLazyInitializationException(AbstractPersistentCollection.java:358)
	at org.hibernate.collection.AbstractPersistentCollection.throwLazyInitializationExceptionIfNotConnected(AbstractPersistentCollection.java:350)
	at org.hibernate.collection.AbstractPersistentCollection.readSize(AbstractPersistentCollection.java:97)
	at org.hibernate.collection.PersistentBag.size(PersistentBag.java:225)
	at org.ccs.openmrs.migracao.swingreverse.Task1.doInBackground(Task1.java:129)
	at org.ccs.openmrs.migracao.swingreverse.Task1.doInBackground(Task1.java:54)
	at javax.swing.SwingWorker$1.call(SwingWorker.java:296)
	at java.util.concurrent.FutureTask.run(FutureTask.java:262)
	at javax.swing.SwingWorker.run(SwingWorker.java:335)
	at java.util.concurrent.ThreadPoolExecutor.runWorker(ThreadPoolExecutor.java:1145)
	at java.util.concurrent.ThreadPoolExecutor$Worker.run(ThreadPoolExecutor.java:615)
	at java.lang.Thread.run(Thread.java:744)
12-03-2019 13:35:41 [SwingWorker-pool-3-thread-1] ERROR te.LazyInitializationException - failed to lazily initialize a collection of role: org.ccs.openmrs.migracao.entidades.Location.encounterList, no session or session was closed
org.hibernate.LazyInitializationException: failed to lazily initialize a collection of role: org.ccs.openmrs.migracao.entidades.Location.encounterList, no session or session was closed
	at org.hibernate.collection.AbstractPersistentCollection.throwLazyInitializationException(AbstractPersistentCollection.java:358)
	at org.hibernate.collection.AbstractPersistentCollection.throwLazyInitializationExceptionIfNotConnected(AbstractPersistentCollection.java:350)
	at org.hibernate.collection.AbstractPersistentCollection.readSize(AbstractPersistentCollection.java:97)
	at org.hibernate.collection.PersistentBag.size(PersistentBag.java:225)
	at org.ccs.openmrs.migracao.swingreverse.Task1.doInBackground(Task1.java:129)
	at org.ccs.openmrs.migracao.swingreverse.Task1.doInBackground(Task1.java:54)
	at javax.swing.SwingWorker$1.call(SwingWorker.java:296)
	at java.util.concurrent.FutureTask.run(FutureTask.java:262)
	at javax.swing.SwingWorker.run(SwingWorker.java:335)
	at java.util.concurrent.ThreadPoolExecutor.runWorker(ThreadPoolExecutor.java:1145)
	at java.util.concurrent.ThreadPoolExecutor$Worker.run(ThreadPoolExecutor.java:615)
	at java.lang.Thread.run(Thread.java:744)
12-03-2019 13:35:41 [SwingWorker-pool-3-thread-1] ERROR te.LazyInitializationException - failed to lazily initialize a collection of role: org.ccs.openmrs.migracao.entidades.Location.patientIdentifierList, no session or session was closed
org.hibernate.LazyInitializationException: failed to lazily initialize a collection of role: org.ccs.openmrs.migracao.entidades.Location.patientIdentifierList, no session or session was closed
	at org.hibernate.collection.AbstractPersistentCollection.throwLazyInitializationException(AbstractPersistentCollection.java:358)
	at org.hibernate.collection.AbstractPersistentCollection.throwLazyInitializationExceptionIfNotConnected(AbstractPersistentCollection.java:350)
	at org.hibernate.collection.AbstractPersistentCollection.readSize(AbstractPersistentCollection.java:97)
	at org.hibernate.collection.PersistentBag.size(PersistentBag.java:225)
	at org.ccs.openmrs.migracao.swingreverse.Task1.doInBackground(Task1.java:129)
	at org.ccs.openmrs.migracao.swingreverse.Task1.doInBackground(Task1.java:54)
	at javax.swing.SwingWorker$1.call(SwingWorker.java:296)
	at java.util.concurrent.FutureTask.run(FutureTask.java:262)
	at javax.swing.SwingWorker.run(SwingWorker.java:335)
	at java.util.concurrent.ThreadPoolExecutor.runWorker(ThreadPoolExecutor.java:1145)
	at java.util.concurrent.ThreadPoolExecutor$Worker.run(ThreadPoolExecutor.java:615)
	at java.lang.Thread.run(Thread.java:744)
12-03-2019 13:35:42 [SwingWorker-pool-3-thread-1] ERROR te.LazyInitializationException - failed to lazily initialize a collection of role: org.ccs.openmrs.migracao.entidades.Location.obsList, no session or session was closed
org.hibernate.LazyInitializationException: failed to lazily initialize a collection of role: org.ccs.openmrs.migracao.entidades.Location.obsList, no session or session was closed
	at org.hibernate.collection.AbstractPersistentCollection.throwLazyInitializationException(AbstractPersistentCollection.java:358)
	at org.hibernate.collection.AbstractPersistentCollection.throwLazyInitializationExceptionIfNotConnected(AbstractPersistentCollection.java:350)
	at org.hibernate.collection.AbstractPersistentCollection.readSize(AbstractPersistentCollection.java:97)
	at org.hibernate.collection.PersistentBag.size(PersistentBag.java:225)
	at org.ccs.openmrs.migracao.swingreverse.Task1.doInBackground(Task1.java:129)
	at org.ccs.openmrs.migracao.swingreverse.Task1.doInBackground(Task1.java:54)
	at javax.swing.SwingWorker$1.call(SwingWorker.java:296)
	at java.util.concurrent.FutureTask.run(FutureTask.java:262)
	at javax.swing.SwingWorker.run(SwingWorker.java:335)
	at java.util.concurrent.ThreadPoolExecutor.runWorker(ThreadPoolExecutor.java:1145)
	at java.util.concurrent.ThreadPoolExecutor$Worker.run(ThreadPoolExecutor.java:615)
	at java.lang.Thread.run(Thread.java:744)
12-03-2019 13:36:34 [main] INFO  idart.database.dao.ConexaoJDBC - Conectando ao banco de dados
URL = jdbc:postgresql://localhost:5432/pharm
12-03-2019 13:36:34 [main] INFO  idart.database.dao.ConexaoJDBC - Conectado...Criando a declaração
12-03-2019 13:36:34 [main] INFO  idart.database.dao.ConexaoJDBC - Conectando ao banco de dados
URL = jdbc:postgresql://localhost:5432/pharm
12-03-2019 13:36:34 [main] INFO  idart.database.dao.ConexaoJDBC - Conectado...Criando a declaração
12-03-2019 13:38:41 [main] DEBUG celllife.idart.misc.LoginTimer - Terminating iDART - TIMER EXPIRED
12-03-2019 13:38:41 [main] DEBUG dart.start.PharmacyApplication - Logged out..
12-03-2019 13:38:41 [main] DEBUG celllife.idart.gui.login.Login - Login Form Created
12-03-2019 13:47:12 [main] INFO  idart.database.dao.ConexaoJDBC - Conectando ao banco de dados
URL = jdbc:postgresql://localhost:5432/pharm
12-03-2019 13:47:12 [main] INFO  idart.database.dao.ConexaoJDBC - Conectado...Criando a declaração
12-03-2019 13:47:13 [main] INFO  idart.database.dao.ConexaoJDBC - Conectando ao banco de dados
URL = jdbc:postgresql://localhost:5432/pharm
12-03-2019 13:47:13 [main] INFO  idart.database.dao.ConexaoJDBC - Conectado...Criando a declaração
12-03-2019 13:54:54 [main] INFO  idart.database.dao.ConexaoJDBC - Conectando ao banco de dados
URL = jdbc:postgresql://localhost:5432/pharm
12-03-2019 13:54:54 [main] INFO  idart.database.dao.ConexaoJDBC - Conectado...Criando a declaração
12-03-2019 13:54:55 [main] INFO  idart.database.dao.ConexaoJDBC - Conectando ao banco de dados
URL = jdbc:postgresql://localhost:5432/pharm
12-03-2019 13:54:55 [main] INFO  idart.database.dao.ConexaoJDBC - Conectado...Criando a declaração
12-03-2019 13:55:20 [main] DEBUG celllife.idart.misc.LoginTimer - Terminating iDART - TIMER EXPIRED
12-03-2019 13:55:20 [main] DEBUG dart.start.PharmacyApplication - Logged out..
12-03-2019 13:55:21 [main] DEBUG celllife.idart.gui.login.Login - Login Form Created
12-03-2019 13:56:58 [main] INFO  idart.database.dao.ConexaoJDBC - Conectando ao banco de dados
URL = jdbc:postgresql://localhost:5432/pharm
12-03-2019 13:56:58 [main] INFO  idart.database.dao.ConexaoJDBC - Conectado...Criando a declaração
12-03-2019 13:56:58 [main] INFO  idart.database.dao.ConexaoJDBC - Conectando ao banco de dados
URL = jdbc:postgresql://localhost:5432/pharm
12-03-2019 13:56:58 [main] INFO  idart.database.dao.ConexaoJDBC - Conectado...Criando a declaração
12-03-2019 13:57:20 [main] DEBUG celllife.idart.misc.LoginTimer - Terminating iDART - TIMER EXPIRED
12-03-2019 13:57:20 [main] DEBUG dart.start.PharmacyApplication - Logged out..
12-03-2019 13:57:21 [main] DEBUG celllife.idart.gui.login.Login - Login Form Created
